#
# A fatal error has been detected by the Java Runtime Environment:
#
#  EXCEPTION_ACCESS_VIOLATION (0xc0000005) at pc=0x00007fff77281155, pid=4912, tid=12276
#
# JRE version: OpenJDK Runtime Environment (14.0.2+12) (build 14.0.2+12-46)
# Java VM: OpenJDK 64-Bit Server VM (14.0.2+12-46, mixed mode, tiered, compressed oops, g1 gc, windows-amd64)
# Problematic frame:
# V  [jvm.dll+0x5a1155]
#
# No core dump will be written. Minidumps are not enabled by default on client versions of Windows
#
# If you would like to submit a bug report, please visit:
#   https://bugreport.java.com/bugreport/crash.jsp
#

---------------  S U M M A R Y ------------

Command Line: -XX:+ShowCodeDetailsInExceptionMessages -agentlib:jdwp=transport=dt_socket,suspend=y,address=localhost:53370 -javaagent:C:\Users\LAU.POUSSIN\eclipse\java-2020-092\eclipse\configuration\org.eclipse.osgi\215\0\.cp\lib\javaagent-shaded.jar -Dfile.encoding=Cp1252 Pendu

Host: Intel(R) Core(TM) i5-4460  CPU @ 3.20GHz, 4 cores, 7G,  Windows 10 , 64 bit Build 18362 (10.0.18362.1)
Time: Wed Sep 23 17:16:15 2020 Paris, Madrid (heure d?été) elapsed time: 9957 seconds (0d 2h 45m 57s)

---------------  T H R E A D  ---------------

Current thread (0x0000025e2b8ed000):  VMThread "VM Thread" [stack: 0x0000006b42a00000,0x0000006b42b00000] [id=12276]

Stack: [0x0000006b42a00000,0x0000006b42b00000],  sp=0x0000006b42aff2d8,  free space=1020k
Native frames: (J=compiled Java code, j=interpreted, Vv=VM code, C=native code)
V  [jvm.dll+0x5a1155]


siginfo: EXCEPTION_ACCESS_VIOLATION (0xc0000005), reading address 0xffffffffffffffff


Register to memory mapping:

RIP=0x00007fff77281155 jvm.dll
RAX=0x0000caff7756b830 is an unknown value
RBX=0x0 is NULL
RCX=0x0000025e2c928400 is pointing into metadata
RDX=0x0000025e1137c801 points into unknown readable memory: ab 58 77 ff 7f 00 00
RSP=0x0000006b42aff2d8 points into unknown readable memory: 2a 20 3e 77 ff 7f 00 00
RBP=0x00007fff77281150 jvm.dll
RSI=0x0000025e1137c800 is a thread
RDI=0x0 is NULL
R8 =0x000000001435e001 is an unknown value
R9 =0x000000007ffef000 points into unknown readable memory: 48 61 6c 54 00 00 00 00
R10=0x00000000546c6148 is an unknown value
R11=0xfffffffff69491d9 is an unknown value
R12=0x00007fff774ec720 jvm.dll
R13=0x00007fff777661d0 jvm.dll
R14=0x0000025e2b07bc58 points into unknown readable memory: b1 2a 3a 8c ff 64 1d 08
R15=0x00000000000003d8 is an unknown value


Registers:
RAX=0x0000caff7756b830, RBX=0x0000000000000000, RCX=0x0000025e2c928400, RDX=0x0000025e1137c801
RSP=0x0000006b42aff2d8, RBP=0x00007fff77281150, RSI=0x0000025e1137c800, RDI=0x0000000000000000
R8 =0x000000001435e001, R9 =0x000000007ffef000, R10=0x00000000546c6148, R11=0xfffffffff69491d9
R12=0x00007fff774ec720, R13=0x00007fff777661d0, R14=0x0000025e2b07bc58, R15=0x00000000000003d8
RIP=0x00007fff77281155, EFLAGS=0x0000000000010202

Top of Stack: (sp=0x0000006b42aff2d8)
0x0000006b42aff2d8:   00007fff773e202a 0000000000000000
0x0000006b42aff2e8:   0000000000000000 0000000000000000
0x0000006b42aff2f8:   0000000000000000 0000006b42aff390
0x0000006b42aff308:   00007fff773e41c0 0000025e2c179710
0x0000006b42aff318:   0000000000000000 000000000000000e
0x0000006b42aff328:   00007fff775457c0 0000006b42aff390
0x0000006b42aff338:   00007fff773e8077 0000000000000001
0x0000006b42aff348:   0000025e2b07b880 0000000000000001
0x0000006b42aff358:   0000000000000000 0000006b42aff490
0x0000006b42aff368:   00007fff773e46df 0000000000000001
0x0000006b42aff378:   0000000000000001 0000006b42aff468
0x0000006b42aff388:   0000000000000001 00007fff7758bde0
0x0000006b42aff398:   00007fff77281150 0000000000000000
0x0000006b42aff3a8:   00007fff77280fe5 0000000000000000
0x0000006b42aff3b8:   0000006b00000000 0000000000000001
0x0000006b42aff3c8:   00007fff773ebf54 0000025e2b07b870 

Instructions: (pc=0x00007fff77281155)
0x00007fff77281055:   cc cc cc cc cc cc cc cc cc cc cc 48 89 5c 24 18
0x00007fff77281065:   55 48 83 ec 20 48 8b 1d 5f 3f 4b 00 48 85 db 74
0x00007fff77281075:   17 48 8b 05 43 3f 4b 00 48 89 83 08 02 00 00 48
0x00007fff77281085:   89 1d 35 3f 4b 00 eb 07 48 8b 1d 2c 3f 4b 00 33
0x00007fff77281095:   ed 48 89 2d 33 3f 4b 00 48 85 db 74 7e 48 89 74
0x00007fff772810a5:   24 30 48 89 7c 24 38 0f 1f 40 00 48 8b b3 00 02
0x00007fff772810b5:   00 00 48 8b fd 48 2b f3 48 c1 ee 03 48 85 f6 74
0x00007fff772810c5:   1e 66 66 0f 1f 84 00 00 00 00 00 48 8b 0c fb 33
0x00007fff772810d5:   d2 48 8b 01 ff 50 68 48 ff c7 48 3b fe 72 ec 48
0x00007fff772810e5:   8b 8b 08 02 00 00 48 89 ab 08 02 00 00 48 89 9b
0x00007fff772810f5:   00 02 00 00 48 8b 05 c8 3e 4b 00 48 89 83 10 02
0x00007fff77281105:   00 00 48 89 1d ba 3e 4b 00 48 8b d9 48 85 c9 75
0x00007fff77281115:   9a 48 8b 7c 24 38 48 8b 74 24 30 48 8b 5c 24 40
0x00007fff77281125:   48 89 2d 94 3e 4b 00 48 83 c4 20 5d c3 cc cc cc
0x00007fff77281135:   cc cc cc cc cc cc cc cc cc cc cc 48 8b 02 48 8b
0x00007fff77281145:   ca b2 01 48 ff 60 68 cc cc cc cc 48 8b 01 b2 01
0x00007fff77281155:   48 ff 60 68 cc cc cc cc cc cc cc 40 53 48 83 ec
0x00007fff77281165:   20 48 8b 15 63 3e 4b 00 48 8b d9 48 85 d2 74 21
0x00007fff77281175:   48 8d 82 00 02 00 00 48 39 00 75 72 48 8b 05 38
0x00007fff77281185:   3e 4b 00 48 89 82 08 02 00 00 48 89 15 2a 3e 4b
0x00007fff77281195:   00 48 8b 15 2b 3e 4b 00 48 85 d2 74 10 48 8b 82
0x00007fff772811a5:   10 02 00 00 48 89 05 18 3e 4b 00 eb 3a 45 33 c0
0x00007fff772811b5:   b9 18 02 00 00 41 8d 50 08 e8 ad 18 b0 ff 48 8b
0x00007fff772811c5:   d0 48 85 c0 74 1f 48 89 80 00 02 00 00 48 c7 80
0x00007fff772811d5:   08 02 00 00 00 00 00 00 48 c7 80 10 02 00 00 00
0x00007fff772811e5:   00 00 00 eb 02 33 d2 48 89 15 dd 3d 4b 00 48 8b
0x00007fff772811f5:   82 00 02 00 00 48 89 18 48 83 82 00 02 00 00 08
0x00007fff77281205:   48 83 c4 20 5b c3 cc cc cc cc cc 48 89 4c 24 08
0x00007fff77281215:   48 89 54 24 10 4c 89 44 24 18 4c 89 4c 24 20 48
0x00007fff77281225:   83 ec 28 4c 8b c1 4c 8d 4c 24 38 48 8d 0d c9 dc
0x00007fff77281235:   49 00 ba 01 00 00 00 e8 bf a3 f5 ff 48 83 c4 28
0x00007fff77281245:   c3 cc cc cc cc cc cc cc cc cc cc 48 89 5c 24 08 


Stack slot to memory mapping:
stack at sp + 0 slots: 0x00007fff773e202a jvm.dll
stack at sp + 1 slots: 0x0 is NULL
stack at sp + 2 slots: 0x0 is NULL
stack at sp + 3 slots: 0x0 is NULL
stack at sp + 4 slots: 0x0 is NULL
stack at sp + 5 slots: 0x0000006b42aff390 points into unknown readable memory: e0 bd 58 77 ff 7f 00 00
stack at sp + 6 slots: 0x00007fff773e41c0 jvm.dll
stack at sp + 7 slots: 0x0000025e2c179710 points into unknown readable memory: 00 c8 37 11 5e 02 00 00

VM_Operation (0x0000006b434ff1c0): RedefineClasses, mode: safepoint, requested by thread 0x0000025e2bbff800


---------------  P R O C E S S  ---------------

Threads class SMR info:
_java_thread_list=0x0000025e2c22dd10, length=14, elements={
0x0000025e1137c800, 0x0000025e2b0a7800, 0x0000025e2b0aa800, 0x0000025e2b936800,
0x0000025e2b937800, 0x0000025e2b940800, 0x0000025e2b945000, 0x0000025e2b948000,
0x0000025e2b9b0000, 0x0000025e2ba81800, 0x0000025e2bbff800, 0x0000025e2bc02800,
0x0000025e2bc03000, 0x0000025e2c17f000
}

Java Threads: ( => current thread )
  0x0000025e1137c800 JavaThread "main" [_thread_blocked, id=4820, stack(0x0000006b42400000,0x0000006b42500000)]
  0x0000025e2b0a7800 JavaThread "Reference Handler" daemon [_thread_blocked, id=11344, stack(0x0000006b42b00000,0x0000006b42c00000)]
  0x0000025e2b0aa800 JavaThread "Finalizer" daemon [_thread_blocked, id=3864, stack(0x0000006b42c00000,0x0000006b42d00000)]
  0x0000025e2b936800 JavaThread "Signal Dispatcher" daemon [_thread_blocked, id=11368, stack(0x0000006b42d00000,0x0000006b42e00000)]
  0x0000025e2b937800 JavaThread "Attach Listener" daemon [_thread_blocked, id=1836, stack(0x0000006b42e00000,0x0000006b42f00000)]
  0x0000025e2b940800 JavaThread "Service Thread" daemon [_thread_blocked, id=12996, stack(0x0000006b42f00000,0x0000006b43000000)]
  0x0000025e2b945000 JavaThread "C2 CompilerThread0" daemon [_thread_blocked, id=3220, stack(0x0000006b43000000,0x0000006b43100000)]
  0x0000025e2b948000 JavaThread "C1 CompilerThread0" daemon [_thread_blocked, id=1356, stack(0x0000006b43100000,0x0000006b43200000)]
  0x0000025e2b9b0000 JavaThread "Sweeper thread" daemon [_thread_blocked, id=13208, stack(0x0000006b43200000,0x0000006b43300000)]
  0x0000025e2ba81800 JavaThread "Common-Cleaner" daemon [_thread_blocked, id=2660, stack(0x0000006b43300000,0x0000006b43400000)]
  0x0000025e2bbff800 JavaThread "JDWP Transport Listener: dt_socket" daemon [_thread_blocked, id=11580, stack(0x0000006b43400000,0x0000006b43500000)]
  0x0000025e2bc02800 JavaThread "JDWP Event Helper Thread" daemon [_thread_blocked, id=3340, stack(0x0000006b43500000,0x0000006b43600000)]
  0x0000025e2bc03000 JavaThread "JDWP Command Reader" daemon [_thread_in_native, id=10288, stack(0x0000006b43600000,0x0000006b43700000)]
  0x0000025e2c17f000 JavaThread "Notification Thread" daemon [_thread_blocked, id=2588, stack(0x0000006b43700000,0x0000006b43800000)]

Other Threads:
=>0x0000025e2b8ed000 VMThread "VM Thread" [stack: 0x0000006b42a00000,0x0000006b42b00000] [id=12276]
  0x0000025e2c229800 WatcherThread [stack: 0x0000006b43800000,0x0000006b43900000] [id=12460]
  0x0000025e113bc000 GCTaskThread "GC Thread#0" [stack: 0x0000006b42500000,0x0000006b42600000] [id=7700]
  0x0000025e113cf000 ConcurrentGCThread "G1 Main Marker" [stack: 0x0000006b42600000,0x0000006b42700000] [id=5920]
  0x0000025e113d0000 ConcurrentGCThread "G1 Conc#0" [stack: 0x0000006b42700000,0x0000006b42800000] [id=12476]
  0x0000025e2af0c800 ConcurrentGCThread "G1 Refine#0" [stack: 0x0000006b42800000,0x0000006b42900000] [id=12664]
  0x0000025e2af10800 ConcurrentGCThread "G1 Young RemSet Sampling" [stack: 0x0000006b42900000,0x0000006b42a00000] [id=12212]

Threads with active compile tasks:

VM state:at safepoint (normal execution)

VM Mutex/Monitor currently owned by a thread:  ([mutex/lock_event])
[0x0000025e11377760] Threads_lock - owner thread: 0x0000025e2b8ed000

Heap address: 0x0000000081000000, size: 2032 MB, Compressed Oops mode: 32-bit
Narrow klass base: 0x0000000000000000, Narrow klass shift: 3
Compressed class space size: 1073741824 Address: 0x0000000100000000

Heap:
 garbage-first heap   total 131072K, used 6144K [0x0000000081000000, 0x0000000100000000)
  region size 1024K, 7 young (7168K), 0 survivors (0K)
 Metaspace       used 10013K, capacity 10218K, committed 10496K, reserved 1058816K
  class space    used 898K, capacity 956K, committed 1024K, reserved 1048576K
Heap Regions: E=young(eden), S=young(survivor), O=old, HS=humongous(starts), HC=humongous(continues), CS=collection set, F=free, OA=open archive, CA=closed archive, TAMS=top-at-mark-start (previous, next)
|   0|0x0000000081000000, 0x0000000081000000, 0x0000000081100000|  0%| F|  |TAMS 0x0000000081000000, 0x0000000081000000| Untracked 
|   1|0x0000000081100000, 0x0000000081100000, 0x0000000081200000|  0%| F|  |TAMS 0x0000000081100000, 0x0000000081100000| Untracked 
|   2|0x0000000081200000, 0x0000000081200000, 0x0000000081300000|  0%| F|  |TAMS 0x0000000081200000, 0x0000000081200000| Untracked 
|   3|0x0000000081300000, 0x0000000081300000, 0x0000000081400000|  0%| F|  |TAMS 0x0000000081300000, 0x0000000081300000| Untracked 
|   4|0x0000000081400000, 0x0000000081400000, 0x0000000081500000|  0%| F|  |TAMS 0x0000000081400000, 0x0000000081400000| Untracked 
|   5|0x0000000081500000, 0x0000000081500000, 0x0000000081600000|  0%| F|  |TAMS 0x0000000081500000, 0x0000000081500000| Untracked 
|   6|0x0000000081600000, 0x0000000081600000, 0x0000000081700000|  0%| F|  |TAMS 0x0000000081600000, 0x0000000081600000| Untracked 
|   7|0x0000000081700000, 0x0000000081700000, 0x0000000081800000|  0%| F|  |TAMS 0x0000000081700000, 0x0000000081700000| Untracked 
|   8|0x0000000081800000, 0x0000000081800000, 0x0000000081900000|  0%| F|  |TAMS 0x0000000081800000, 0x0000000081800000| Untracked 
|   9|0x0000000081900000, 0x0000000081900000, 0x0000000081a00000|  0%| F|  |TAMS 0x0000000081900000, 0x0000000081900000| Untracked 
|  10|0x0000000081a00000, 0x0000000081a00000, 0x0000000081b00000|  0%| F|  |TAMS 0x0000000081a00000, 0x0000000081a00000| Untracked 
|  11|0x0000000081b00000, 0x0000000081b00000, 0x0000000081c00000|  0%| F|  |TAMS 0x0000000081b00000, 0x0000000081b00000| Untracked 
|  12|0x0000000081c00000, 0x0000000081c00000, 0x0000000081d00000|  0%| F|  |TAMS 0x0000000081c00000, 0x0000000081c00000| Untracked 
|  13|0x0000000081d00000, 0x0000000081d00000, 0x0000000081e00000|  0%| F|  |TAMS 0x0000000081d00000, 0x0000000081d00000| Untracked 
|  14|0x0000000081e00000, 0x0000000081e00000, 0x0000000081f00000|  0%| F|  |TAMS 0x0000000081e00000, 0x0000000081e00000| Untracked 
|  15|0x0000000081f00000, 0x0000000081f00000, 0x0000000082000000|  0%| F|  |TAMS 0x0000000081f00000, 0x0000000081f00000| Untracked 
|  16|0x0000000082000000, 0x0000000082000000, 0x0000000082100000|  0%| F|  |TAMS 0x0000000082000000, 0x0000000082000000| Untracked 
|  17|0x0000000082100000, 0x0000000082100000, 0x0000000082200000|  0%| F|  |TAMS 0x0000000082100000, 0x0000000082100000| Untracked 
|  18|0x0000000082200000, 0x0000000082200000, 0x0000000082300000|  0%| F|  |TAMS 0x0000000082200000, 0x0000000082200000| Untracked 
|  19|0x0000000082300000, 0x0000000082300000, 0x0000000082400000|  0%| F|  |TAMS 0x0000000082300000, 0x0000000082300000| Untracked 
|  20|0x0000000082400000, 0x0000000082400000, 0x0000000082500000|  0%| F|  |TAMS 0x0000000082400000, 0x0000000082400000| Untracked 
|  21|0x0000000082500000, 0x0000000082500000, 0x0000000082600000|  0%| F|  |TAMS 0x0000000082500000, 0x0000000082500000| Untracked 
|  22|0x0000000082600000, 0x0000000082600000, 0x0000000082700000|  0%| F|  |TAMS 0x0000000082600000, 0x0000000082600000| Untracked 
|  23|0x0000000082700000, 0x0000000082700000, 0x0000000082800000|  0%| F|  |TAMS 0x0000000082700000, 0x0000000082700000| Untracked 
|  24|0x0000000082800000, 0x0000000082800000, 0x0000000082900000|  0%| F|  |TAMS 0x0000000082800000, 0x0000000082800000| Untracked 
|  25|0x0000000082900000, 0x0000000082900000, 0x0000000082a00000|  0%| F|  |TAMS 0x0000000082900000, 0x0000000082900000| Untracked 
|  26|0x0000000082a00000, 0x0000000082a00000, 0x0000000082b00000|  0%| F|  |TAMS 0x0000000082a00000, 0x0000000082a00000| Untracked 
|  27|0x0000000082b00000, 0x0000000082b00000, 0x0000000082c00000|  0%| F|  |TAMS 0x0000000082b00000, 0x0000000082b00000| Untracked 
|  28|0x0000000082c00000, 0x0000000082c00000, 0x0000000082d00000|  0%| F|  |TAMS 0x0000000082c00000, 0x0000000082c00000| Untracked 
|  29|0x0000000082d00000, 0x0000000082d00000, 0x0000000082e00000|  0%| F|  |TAMS 0x0000000082d00000, 0x0000000082d00000| Untracked 
|  30|0x0000000082e00000, 0x0000000082e00000, 0x0000000082f00000|  0%| F|  |TAMS 0x0000000082e00000, 0x0000000082e00000| Untracked 
|  31|0x0000000082f00000, 0x0000000082f00000, 0x0000000083000000|  0%| F|  |TAMS 0x0000000082f00000, 0x0000000082f00000| Untracked 
|  32|0x0000000083000000, 0x0000000083000000, 0x0000000083100000|  0%| F|  |TAMS 0x0000000083000000, 0x0000000083000000| Untracked 
|  33|0x0000000083100000, 0x0000000083100000, 0x0000000083200000|  0%| F|  |TAMS 0x0000000083100000, 0x0000000083100000| Untracked 
|  34|0x0000000083200000, 0x0000000083200000, 0x0000000083300000|  0%| F|  |TAMS 0x0000000083200000, 0x0000000083200000| Untracked 
|  35|0x0000000083300000, 0x0000000083300000, 0x0000000083400000|  0%| F|  |TAMS 0x0000000083300000, 0x0000000083300000| Untracked 
|  36|0x0000000083400000, 0x0000000083400000, 0x0000000083500000|  0%| F|  |TAMS 0x0000000083400000, 0x0000000083400000| Untracked 
|  37|0x0000000083500000, 0x0000000083500000, 0x0000000083600000|  0%| F|  |TAMS 0x0000000083500000, 0x0000000083500000| Untracked 
|  38|0x0000000083600000, 0x0000000083600000, 0x0000000083700000|  0%| F|  |TAMS 0x0000000083600000, 0x0000000083600000| Untracked 
|  39|0x0000000083700000, 0x0000000083700000, 0x0000000083800000|  0%| F|  |TAMS 0x0000000083700000, 0x0000000083700000| Untracked 
|  40|0x0000000083800000, 0x0000000083800000, 0x0000000083900000|  0%| F|  |TAMS 0x0000000083800000, 0x0000000083800000| Untracked 
|  41|0x0000000083900000, 0x0000000083900000, 0x0000000083a00000|  0%| F|  |TAMS 0x0000000083900000, 0x0000000083900000| Untracked 
|  42|0x0000000083a00000, 0x0000000083a00000, 0x0000000083b00000|  0%| F|  |TAMS 0x0000000083a00000, 0x0000000083a00000| Untracked 
|  43|0x0000000083b00000, 0x0000000083b00000, 0x0000000083c00000|  0%| F|  |TAMS 0x0000000083b00000, 0x0000000083b00000| Untracked 
|  44|0x0000000083c00000, 0x0000000083c00000, 0x0000000083d00000|  0%| F|  |TAMS 0x0000000083c00000, 0x0000000083c00000| Untracked 
|  45|0x0000000083d00000, 0x0000000083d00000, 0x0000000083e00000|  0%| F|  |TAMS 0x0000000083d00000, 0x0000000083d00000| Untracked 
|  46|0x0000000083e00000, 0x0000000083e00000, 0x0000000083f00000|  0%| F|  |TAMS 0x0000000083e00000, 0x0000000083e00000| Untracked 
|  47|0x0000000083f00000, 0x0000000083f00000, 0x0000000084000000|  0%| F|  |TAMS 0x0000000083f00000, 0x0000000083f00000| Untracked 
|  48|0x0000000084000000, 0x0000000084000000, 0x0000000084100000|  0%| F|  |TAMS 0x0000000084000000, 0x0000000084000000| Untracked 
|  49|0x0000000084100000, 0x0000000084100000, 0x0000000084200000|  0%| F|  |TAMS 0x0000000084100000, 0x0000000084100000| Untracked 
|  50|0x0000000084200000, 0x0000000084200000, 0x0000000084300000|  0%| F|  |TAMS 0x0000000084200000, 0x0000000084200000| Untracked 
|  51|0x0000000084300000, 0x0000000084300000, 0x0000000084400000|  0%| F|  |TAMS 0x0000000084300000, 0x0000000084300000| Untracked 
|  52|0x0000000084400000, 0x0000000084400000, 0x0000000084500000|  0%| F|  |TAMS 0x0000000084400000, 0x0000000084400000| Untracked 
|  53|0x0000000084500000, 0x0000000084500000, 0x0000000084600000|  0%| F|  |TAMS 0x0000000084500000, 0x0000000084500000| Untracked 
|  54|0x0000000084600000, 0x0000000084600000, 0x0000000084700000|  0%| F|  |TAMS 0x0000000084600000, 0x0000000084600000| Untracked 
|  55|0x0000000084700000, 0x0000000084700000, 0x0000000084800000|  0%| F|  |TAMS 0x0000000084700000, 0x0000000084700000| Untracked 
|  56|0x0000000084800000, 0x0000000084800000, 0x0000000084900000|  0%| F|  |TAMS 0x0000000084800000, 0x0000000084800000| Untracked 
|  57|0x0000000084900000, 0x0000000084900000, 0x0000000084a00000|  0%| F|  |TAMS 0x0000000084900000, 0x0000000084900000| Untracked 
|  58|0x0000000084a00000, 0x0000000084a00000, 0x0000000084b00000|  0%| F|  |TAMS 0x0000000084a00000, 0x0000000084a00000| Untracked 
|  59|0x0000000084b00000, 0x0000000084b00000, 0x0000000084c00000|  0%| F|  |TAMS 0x0000000084b00000, 0x0000000084b00000| Untracked 
|  60|0x0000000084c00000, 0x0000000084c00000, 0x0000000084d00000|  0%| F|  |TAMS 0x0000000084c00000, 0x0000000084c00000| Untracked 
|  61|0x0000000084d00000, 0x0000000084d00000, 0x0000000084e00000|  0%| F|  |TAMS 0x0000000084d00000, 0x0000000084d00000| Untracked 
|  62|0x0000000084e00000, 0x0000000084e00000, 0x0000000084f00000|  0%| F|  |TAMS 0x0000000084e00000, 0x0000000084e00000| Untracked 
|  63|0x0000000084f00000, 0x0000000084f00000, 0x0000000085000000|  0%| F|  |TAMS 0x0000000084f00000, 0x0000000084f00000| Untracked 
|  64|0x0000000085000000, 0x0000000085000000, 0x0000000085100000|  0%| F|  |TAMS 0x0000000085000000, 0x0000000085000000| Untracked 
|  65|0x0000000085100000, 0x0000000085100000, 0x0000000085200000|  0%| F|  |TAMS 0x0000000085100000, 0x0000000085100000| Untracked 
|  66|0x0000000085200000, 0x0000000085200000, 0x0000000085300000|  0%| F|  |TAMS 0x0000000085200000, 0x0000000085200000| Untracked 
|  67|0x0000000085300000, 0x0000000085300000, 0x0000000085400000|  0%| F|  |TAMS 0x0000000085300000, 0x0000000085300000| Untracked 
|  68|0x0000000085400000, 0x0000000085400000, 0x0000000085500000|  0%| F|  |TAMS 0x0000000085400000, 0x0000000085400000| Untracked 
|  69|0x0000000085500000, 0x0000000085500000, 0x0000000085600000|  0%| F|  |TAMS 0x0000000085500000, 0x0000000085500000| Untracked 
|  70|0x0000000085600000, 0x0000000085600000, 0x0000000085700000|  0%| F|  |TAMS 0x0000000085600000, 0x0000000085600000| Untracked 
|  71|0x0000000085700000, 0x0000000085700000, 0x0000000085800000|  0%| F|  |TAMS 0x0000000085700000, 0x0000000085700000| Untracked 
|  72|0x0000000085800000, 0x0000000085800000, 0x0000000085900000|  0%| F|  |TAMS 0x0000000085800000, 0x0000000085800000| Untracked 
|  73|0x0000000085900000, 0x0000000085900000, 0x0000000085a00000|  0%| F|  |TAMS 0x0000000085900000, 0x0000000085900000| Untracked 
|  74|0x0000000085a00000, 0x0000000085a00000, 0x0000000085b00000|  0%| F|  |TAMS 0x0000000085a00000, 0x0000000085a00000| Untracked 
|  75|0x0000000085b00000, 0x0000000085b00000, 0x0000000085c00000|  0%| F|  |TAMS 0x0000000085b00000, 0x0000000085b00000| Untracked 
|  76|0x0000000085c00000, 0x0000000085c00000, 0x0000000085d00000|  0%| F|  |TAMS 0x0000000085c00000, 0x0000000085c00000| Untracked 
|  77|0x0000000085d00000, 0x0000000085d00000, 0x0000000085e00000|  0%| F|  |TAMS 0x0000000085d00000, 0x0000000085d00000| Untracked 
|  78|0x0000000085e00000, 0x0000000085e00000, 0x0000000085f00000|  0%| F|  |TAMS 0x0000000085e00000, 0x0000000085e00000| Untracked 
|  79|0x0000000085f00000, 0x0000000085f00000, 0x0000000086000000|  0%| F|  |TAMS 0x0000000085f00000, 0x0000000085f00000| Untracked 
|  80|0x0000000086000000, 0x0000000086000000, 0x0000000086100000|  0%| F|  |TAMS 0x0000000086000000, 0x0000000086000000| Untracked 
|  81|0x0000000086100000, 0x0000000086100000, 0x0000000086200000|  0%| F|  |TAMS 0x0000000086100000, 0x0000000086100000| Untracked 
|  82|0x0000000086200000, 0x0000000086200000, 0x0000000086300000|  0%| F|  |TAMS 0x0000000086200000, 0x0000000086200000| Untracked 
|  83|0x0000000086300000, 0x0000000086300000, 0x0000000086400000|  0%| F|  |TAMS 0x0000000086300000, 0x0000000086300000| Untracked 
|  84|0x0000000086400000, 0x0000000086400000, 0x0000000086500000|  0%| F|  |TAMS 0x0000000086400000, 0x0000000086400000| Untracked 
|  85|0x0000000086500000, 0x0000000086500000, 0x0000000086600000|  0%| F|  |TAMS 0x0000000086500000, 0x0000000086500000| Untracked 
|  86|0x0000000086600000, 0x0000000086600000, 0x0000000086700000|  0%| F|  |TAMS 0x0000000086600000, 0x0000000086600000| Untracked 
|  87|0x0000000086700000, 0x0000000086700000, 0x0000000086800000|  0%| F|  |TAMS 0x0000000086700000, 0x0000000086700000| Untracked 
|  88|0x0000000086800000, 0x0000000086800000, 0x0000000086900000|  0%| F|  |TAMS 0x0000000086800000, 0x0000000086800000| Untracked 
|  89|0x0000000086900000, 0x0000000086900000, 0x0000000086a00000|  0%| F|  |TAMS 0x0000000086900000, 0x0000000086900000| Untracked 
|  90|0x0000000086a00000, 0x0000000086a00000, 0x0000000086b00000|  0%| F|  |TAMS 0x0000000086a00000, 0x0000000086a00000| Untracked 
|  91|0x0000000086b00000, 0x0000000086b00000, 0x0000000086c00000|  0%| F|  |TAMS 0x0000000086b00000, 0x0000000086b00000| Untracked 
|  92|0x0000000086c00000, 0x0000000086c00000, 0x0000000086d00000|  0%| F|  |TAMS 0x0000000086c00000, 0x0000000086c00000| Untracked 
|  93|0x0000000086d00000, 0x0000000086d00000, 0x0000000086e00000|  0%| F|  |TAMS 0x0000000086d00000, 0x0000000086d00000| Untracked 
|  94|0x0000000086e00000, 0x0000000086e00000, 0x0000000086f00000|  0%| F|  |TAMS 0x0000000086e00000, 0x0000000086e00000| Untracked 
|  95|0x0000000086f00000, 0x0000000086f00000, 0x0000000087000000|  0%| F|  |TAMS 0x0000000086f00000, 0x0000000086f00000| Untracked 
|  96|0x0000000087000000, 0x0000000087000000, 0x0000000087100000|  0%| F|  |TAMS 0x0000000087000000, 0x0000000087000000| Untracked 
|  97|0x0000000087100000, 0x0000000087100000, 0x0000000087200000|  0%| F|  |TAMS 0x0000000087100000, 0x0000000087100000| Untracked 
|  98|0x0000000087200000, 0x0000000087200000, 0x0000000087300000|  0%| F|  |TAMS 0x0000000087200000, 0x0000000087200000| Untracked 
|  99|0x0000000087300000, 0x0000000087300000, 0x0000000087400000|  0%| F|  |TAMS 0x0000000087300000, 0x0000000087300000| Untracked 
| 100|0x0000000087400000, 0x0000000087400000, 0x0000000087500000|  0%| F|  |TAMS 0x0000000087400000, 0x0000000087400000| Untracked 
| 101|0x0000000087500000, 0x0000000087500000, 0x0000000087600000|  0%| F|  |TAMS 0x0000000087500000, 0x0000000087500000| Untracked 
| 102|0x0000000087600000, 0x0000000087600000, 0x0000000087700000|  0%| F|  |TAMS 0x0000000087600000, 0x0000000087600000| Untracked 
| 103|0x0000000087700000, 0x0000000087700000, 0x0000000087800000|  0%| F|  |TAMS 0x0000000087700000, 0x0000000087700000| Untracked 
| 104|0x0000000087800000, 0x0000000087800000, 0x0000000087900000|  0%| F|  |TAMS 0x0000000087800000, 0x0000000087800000| Untracked 
| 105|0x0000000087900000, 0x0000000087900000, 0x0000000087a00000|  0%| F|  |TAMS 0x0000000087900000, 0x0000000087900000| Untracked 
| 106|0x0000000087a00000, 0x0000000087a00000, 0x0000000087b00000|  0%| F|  |TAMS 0x0000000087a00000, 0x0000000087a00000| Untracked 
| 107|0x0000000087b00000, 0x0000000087b00000, 0x0000000087c00000|  0%| F|  |TAMS 0x0000000087b00000, 0x0000000087b00000| Untracked 
| 108|0x0000000087c00000, 0x0000000087c00000, 0x0000000087d00000|  0%| F|  |TAMS 0x0000000087c00000, 0x0000000087c00000| Untracked 
| 109|0x0000000087d00000, 0x0000000087d00000, 0x0000000087e00000|  0%| F|  |TAMS 0x0000000087d00000, 0x0000000087d00000| Untracked 
| 110|0x0000000087e00000, 0x0000000087e00000, 0x0000000087f00000|  0%| F|  |TAMS 0x0000000087e00000, 0x0000000087e00000| Untracked 
| 111|0x0000000087f00000, 0x0000000087f00000, 0x0000000088000000|  0%| F|  |TAMS 0x0000000087f00000, 0x0000000087f00000| Untracked 
| 112|0x0000000088000000, 0x0000000088000000, 0x0000000088100000|  0%| F|  |TAMS 0x0000000088000000, 0x0000000088000000| Untracked 
| 113|0x0000000088100000, 0x0000000088100000, 0x0000000088200000|  0%| F|  |TAMS 0x0000000088100000, 0x0000000088100000| Untracked 
| 114|0x0000000088200000, 0x0000000088200000, 0x0000000088300000|  0%| F|  |TAMS 0x0000000088200000, 0x0000000088200000| Untracked 
| 115|0x0000000088300000, 0x0000000088300000, 0x0000000088400000|  0%| F|  |TAMS 0x0000000088300000, 0x0000000088300000| Untracked 
| 116|0x0000000088400000, 0x0000000088400000, 0x0000000088500000|  0%| F|  |TAMS 0x0000000088400000, 0x0000000088400000| Untracked 
| 117|0x0000000088500000, 0x0000000088500000, 0x0000000088600000|  0%| F|  |TAMS 0x0000000088500000, 0x0000000088500000| Untracked 
| 118|0x0000000088600000, 0x0000000088600000, 0x0000000088700000|  0%| F|  |TAMS 0x0000000088600000, 0x0000000088600000| Untracked 
| 119|0x0000000088700000, 0x0000000088700000, 0x0000000088800000|  0%| F|  |TAMS 0x0000000088700000, 0x0000000088700000| Untracked 
| 120|0x0000000088800000, 0x0000000088800000, 0x0000000088900000|  0%| F|  |TAMS 0x0000000088800000, 0x0000000088800000| Untracked 
| 121|0x0000000088900000, 0x000000008898a810, 0x0000000088a00000| 54%| E|  |TAMS 0x0000000088900000, 0x0000000088900000| Complete 
| 122|0x0000000088a00000, 0x0000000088b00000, 0x0000000088b00000|100%| E|CS|TAMS 0x0000000088a00000, 0x0000000088a00000| Complete 
| 123|0x0000000088b00000, 0x0000000088c00000, 0x0000000088c00000|100%| E|CS|TAMS 0x0000000088b00000, 0x0000000088b00000| Complete 
| 124|0x0000000088c00000, 0x0000000088d00000, 0x0000000088d00000|100%| E|CS|TAMS 0x0000000088c00000, 0x0000000088c00000| Complete 
| 125|0x0000000088d00000, 0x0000000088e00000, 0x0000000088e00000|100%| E|CS|TAMS 0x0000000088d00000, 0x0000000088d00000| Complete 
| 126|0x0000000088e00000, 0x0000000088f00000, 0x0000000088f00000|100%| E|CS|TAMS 0x0000000088e00000, 0x0000000088e00000| Complete 
| 127|0x0000000088f00000, 0x0000000089000000, 0x0000000089000000|100%| E|CS|TAMS 0x0000000088f00000, 0x0000000088f00000| Complete 

Card table byte_map: [0x0000025e24400000,0x0000025e24800000] _byte_map_base: 0x0000025e23ff8000

Marking Bits (Prev, Next): (CMBitMap*) 0x0000025e113bcca8, (CMBitMap*) 0x0000025e113bcce8
 Prev Bits: [0x0000025e24c00000, 0x0000025e26bc0000)
 Next Bits: [0x0000025e26bc0000, 0x0000025e28b80000)

Polling page: 0x0000025e10b10000

Metaspace:

Usage:
  Non-class:      9.04 MB capacity,     8.90 MB ( 98%) used,   136.64 KB (  1%) free+waste,    10.38 KB ( <1%) overhead. 
      Class:    956.00 KB capacity,   898.25 KB ( 94%) used,    53.50 KB (  6%) free+waste,     4.25 KB ( <1%) overhead. 
       Both:      9.98 MB capacity,     9.78 MB ( 98%) used,   190.14 KB (  2%) free+waste,    14.63 KB ( <1%) overhead. 

Virtual space:
  Non-class space:       10.00 MB reserved,       9.25 MB ( 93%) committed 
      Class space:        1.00 GB reserved,       1.00 MB ( <1%) committed 
             Both:        1.01 GB reserved,      10.25 MB ( <1%) committed 

Chunk freelists:
   Non-Class:  18.00 KB
       Class:  4.00 KB
        Both:  22.00 KB

MaxMetaspaceSize: 17179869184.00 GB
CompressedClassSpaceSize: 1.00 GB

CodeHeap 'non-profiled nmethods': size=120000Kb used=156Kb max_used=156Kb free=119843Kb
 bounds [0x0000025e1cad0000, 0x0000025e1cd40000, 0x0000025e24000000]
CodeHeap 'profiled nmethods': size=120000Kb used=685Kb max_used=685Kb free=119314Kb
 bounds [0x0000025e155a0000, 0x0000025e15810000, 0x0000025e1cad0000]
CodeHeap 'non-nmethods': size=5760Kb used=1234Kb max_used=1249Kb free=4525Kb
 bounds [0x0000025e15000000, 0x0000025e15270000, 0x0000025e155a0000]
 total_blobs=888 nmethods=489 adapters=312
 compilation: enabled
              stopped_count=0, restarted_count=0
 full_count=0

Compilation events (20 events):
Event: 79.497 Thread 0x0000025e2b948000  482       3       java.lang.Integer::getChars (131 bytes)
Event: 79.497 Thread 0x0000025e2b948000 nmethod 482 0x0000025e15649f10 code [0x0000025e1564a0e0, 0x0000025e1564a518]
Event: 2368.861 Thread 0x0000025e2b948000  483       1       sun.instrument.TransformerManager::getSnapshotTransformerList (5 bytes)
Event: 2368.861 Thread 0x0000025e2b948000 nmethod 483 0x0000025e1caf6010 code [0x0000025e1caf61a0, 0x0000025e1caf6258]
Event: 2375.244 Thread 0x0000025e2b948000  484       1       sun.instrument.TransformerManager$TransformerInfo::transformer (5 bytes)
Event: 2375.244 Thread 0x0000025e2b945000  485       4       org.eclipse.jdt.launching.internal.org.objectweb.asm.ClassReader::readUnsignedShort (26 bytes)
Event: 2375.244 Thread 0x0000025e2b948000 nmethod 484 0x0000025e1caf6310 code [0x0000025e1caf64a0, 0x0000025e1caf6558]
Event: 2375.247 Thread 0x0000025e2b945000 

Event: 2375.247 Thread 0x0000025e2b945000  486       4       org.eclipse.jdt.launching.internal.org.objectweb.asm.ClassReader::getItem (7 bytes)
Event: 2375.247 Thread 0x0000025e2b945000 nmethod 486 0x0000025e1caf6610 code [0x0000025e1caf67c0, 0x0000025e1caf68d8]
Event: 2390.659 Thread 0x0000025e2b948000  487       3       org.eclipse.jdt.launching.internal.org.objectweb.asm.SymbolTable::addConstantUtf8Reference (20 bytes)
Event: 2390.661 Thread 0x0000025e2b948000 

Event: 7500.216 Thread 0x0000025e2b948000  489       3       java.lang.ref.ReferenceQueue::reallyPoll (65 bytes)
Event: 7500.224 Thread 0x0000025e2b948000 nmethod 489 0x0000025e1564a790 code [0x0000025e1564a960, 0x0000025e1564ae58]
Event: 9805.508 Thread 0x0000025e2b945000  491       4       org.eclipse.jdt.launching.internal.org.objectweb.asm.ClassReader::readUnsignedShort (26 bytes)
Event: 9805.508 Thread 0x0000025e2b948000  492       3       org.eclipse.jdt.launching.internal.org.objectweb.asm.ByteVector::putShort (52 bytes)
Event: 9805.509 Thread 0x0000025e2b948000 nmethod 492 0x0000025e1564af90 code [0x0000025e1564b140, 0x0000025e1564b348]
Event: 9805.513 Thread 0x0000025e2b945000 

Event: 9827.518 Thread 0x0000025e2b945000  493       4       java.lang.StringUTF16::compress (50 bytes)
Event: 9827.531 Thread 0x0000025e2b945000 


GC Heap History (0 events):
No events

Deoptimization events (20 events):
Event: 0.479 Thread 0x0000025e1137c800 DEOPT PACKING pc=0x0000025e1561bfac sp=0x0000006b424f78b0
Event: 0.479 Thread 0x0000025e1137c800 DEOPT UNPACKING pc=0x0000025e1504964e sp=0x0000006b424f6d78 mode 0
Event: 0.479 Thread 0x0000025e1137c800 DEOPT PACKING pc=0x0000025e1561bfac sp=0x0000006b424f78b0
Event: 0.479 Thread 0x0000025e1137c800 DEOPT UNPACKING pc=0x0000025e1504964e sp=0x0000006b424f6d78 mode 0
Event: 0.479 Thread 0x0000025e1137c800 DEOPT PACKING pc=0x0000025e1561c1e1 sp=0x0000006b424f78b0
Event: 0.479 Thread 0x0000025e1137c800 DEOPT UNPACKING pc=0x0000025e1504964e sp=0x0000006b424f6d78 mode 0
Event: 0.480 Thread 0x0000025e1137c800 DEOPT PACKING pc=0x0000025e1561c1e1 sp=0x0000006b424f78b0
Event: 0.480 Thread 0x0000025e1137c800 DEOPT UNPACKING pc=0x0000025e1504964e sp=0x0000006b424f6d78 mode 0
Event: 0.511 Thread 0x0000025e1137c800 Uncommon trap: trap_request=0xffffff45 fr.pc=0x0000025e1cad862c relative=0x000000000000026c
Event: 0.511 Thread 0x0000025e1137c800 Uncommon trap: reason=unstable_if action=reinterpret pc=0x0000025e1cad862c method=java.lang.String.isLatin1()Z @ 10 c2
Event: 0.511 Thread 0x0000025e1137c800 DEOPT PACKING pc=0x0000025e1cad862c sp=0x0000006b424fc780
Event: 0.511 Thread 0x0000025e1137c800 DEOPT UNPACKING pc=0x0000025e1504912f sp=0x0000006b424fc6b8 mode 2
Event: 0.511 Thread 0x0000025e1137c800 Uncommon trap: trap_request=0xffffff45 fr.pc=0x0000025e1caea0fc relative=0x000000000000005c
Event: 0.511 Thread 0x0000025e1137c800 Uncommon trap: reason=unstable_if action=reinterpret pc=0x0000025e1caea0fc method=java.lang.String.isLatin1()Z @ 10 c2
Event: 0.511 Thread 0x0000025e1137c800 DEOPT PACKING pc=0x0000025e1caea0fc sp=0x0000006b424fc710
Event: 0.511 Thread 0x0000025e1137c800 DEOPT UNPACKING pc=0x0000025e1504912f sp=0x0000006b424fc6b0 mode 2
Event: 0.518 Thread 0x0000025e1137c800 Uncommon trap: trap_request=0xffffff45 fr.pc=0x0000025e1cae1564 relative=0x0000000000000044
Event: 0.518 Thread 0x0000025e1137c800 Uncommon trap: reason=unstable_if action=reinterpret pc=0x0000025e1cae1564 method=java.lang.CharacterData.of(I)Ljava/lang/CharacterData; @ 4 c2
Event: 0.518 Thread 0x0000025e1137c800 DEOPT PACKING pc=0x0000025e1cae1564 sp=0x0000006b424fe6f0
Event: 0.518 Thread 0x0000025e1137c800 DEOPT UNPACKING pc=0x0000025e1504912f sp=0x0000006b424fe690 mode 2

Classes unloaded (0 events):
No events

Classes redefined (11 events):
Event: 2316.857 Thread 0x0000025e2b8ed000 redefined class name=Pendu, count=1
Event: 2368.862 Thread 0x0000025e2b8ed000 redefined class name=Pendu, count=2
Event: 2375.245 Thread 0x0000025e2b8ed000 redefined class name=Pendu, count=3
Event: 2377.330 Thread 0x0000025e2b8ed000 redefined class name=Pendu, count=4
Event: 2390.660 Thread 0x0000025e2b8ed000 redefined class name=Pendu, count=5
Event: 7842.207 Thread 0x0000025e2b8ed000 redefined class name=Pendu, count=6
Event: 8902.562 Thread 0x0000025e2b8ed000 redefined class name=Pendu, count=7
Event: 8910.206 Thread 0x0000025e2b8ed000 redefined class name=Pendu, count=8
Event: 8998.549 Thread 0x0000025e2b8ed000 redefined class name=Pendu, count=9
Event: 9805.511 Thread 0x0000025e2b8ed000 redefined class name=Pendu, count=10
Event: 9827.519 Thread 0x0000025e2b8ed000 redefined class name=Pendu, count=11

Internal exceptions (1 events):
Event: 0.491 Thread 0x0000025e1137c800 Exception <a 'java/lang/NoSuchMethodError'{0x0000000088be24e0}: 'int java.lang.invoke.DirectMethodHandle$Holder.invokeSpecialIFC(java.lang.Object, java.lang.Object, int)'> (0x0000000088be24e0) 
thrown [./open/src/hotspot/share/interpreter/linkResolver.cpp, line 766]

Events (20 events):
Event: 9805.524 Executing VM operation: GetFrameCount done
Event: 9805.525 Executing VM operation: GetOwnedMonitorInfo
Event: 9805.525 Executing VM operation: GetOwnedMonitorInfo done
Event: 9805.525 Executing VM operation: GetCurrentContendedMonitor
Event: 9805.525 Executing VM operation: GetCurrentContendedMonitor done
Event: 9827.518 Executing VM operation: RedefineClasses
Event: 9827.520 Executing VM operation: RedefineClasses done
Event: 9827.526 Executing VM operation: ChangeBreakpoints
Event: 9827.526 Executing VM operation: ChangeBreakpoints done
Event: 9827.528 Executing VM operation: GetFrameCount
Event: 9827.528 Executing VM operation: GetFrameCount done
Event: 9827.528 Executing VM operation: GetStackTrace
Event: 9827.528 Executing VM operation: GetStackTrace done
Event: 9827.536 Executing VM operation: GetFrameCount
Event: 9827.536 Executing VM operation: GetFrameCount done
Event: 9827.536 Executing VM operation: GetOwnedMonitorInfo
Event: 9827.536 Executing VM operation: GetOwnedMonitorInfo done
Event: 9827.537 Executing VM operation: GetCurrentContendedMonitor
Event: 9827.537 Executing VM operation: GetCurrentContendedMonitor done
Event: 9957.727 Executing VM operation: RedefineClasses


Dynamic libraries:
0x00007ff6c3900000 - 0x00007ff6c390d000 	C:\Users\LAU.POUSSIN\.p2\pool\plugins\org.eclipse.justj.openjdk.hotspot.jre.full.win32.x86_64_14.0.2.v20200815-0932\jre\bin\javaw.exe
0x00007fffbd380000 - 0x00007fffbd570000 	C:\windows\SYSTEM32\ntdll.dll
0x00007fffbcab0000 - 0x00007fffbcb62000 	C:\windows\System32\KERNEL32.DLL
0x00007fffbaf30000 - 0x00007fffbb1d2000 	C:\windows\System32\KERNELBASE.dll
0x00007fffba530000 - 0x00007fffba62a000 	C:\windows\System32\ucrtbase.dll
0x00007fffa6d10000 - 0x00007fffa6d28000 	C:\Users\LAU.POUSSIN\.p2\pool\plugins\org.eclipse.justj.openjdk.hotspot.jre.full.win32.x86_64_14.0.2.v20200815-0932\jre\bin\jli.dll
0x00007fffbd0f0000 - 0x00007fffbd283000 	C:\windows\System32\USER32.dll
0x00007fffbaf00000 - 0x00007fffbaf21000 	C:\windows\System32\win32u.dll
0x00007fffbcb70000 - 0x00007fffbcb96000 	C:\windows\System32\GDI32.dll
0x00007fffba390000 - 0x00007fffba524000 	C:\windows\System32\gdi32full.dll
0x00007fffbb3a0000 - 0x00007fffbb43e000 	C:\windows\System32\msvcp_win.dll
0x00007fffa6cf0000 - 0x00007fffa6d05000 	C:\Users\LAU.POUSSIN\.p2\pool\plugins\org.eclipse.justj.openjdk.hotspot.jre.full.win32.x86_64_14.0.2.v20200815-0932\jre\bin\VCRUNTIME140.dll
0x00007fff9e060000 - 0x00007fff9e2e5000 	C:\windows\WinSxS\amd64_microsoft.windows.common-controls_6595b64144ccf1df_6.0.18362.30_none_a1435978519dce7f\COMCTL32.dll
0x00007fffbbff0000 - 0x00007fffbc08e000 	C:\windows\System32\msvcrt.dll
0x00007fffbb810000 - 0x00007fffbbb46000 	C:\windows\System32\combase.dll
0x00007fffbc910000 - 0x00007fffbca30000 	C:\windows\System32\RPCRT4.dll
0x00007fffbb1e0000 - 0x00007fffbb261000 	C:\windows\System32\bcryptPrimitives.dll
0x00007fffbcba0000 - 0x00007fffbcbce000 	C:\windows\System32\IMM32.DLL
0x00007fffa6900000 - 0x00007fffa69ae000 	C:\windows\system32\tmumh\20019\AddOn\7.0.0.1181\TmUmEvt64.dll
0x00007fffbbf40000 - 0x00007fffbbf48000 	C:\windows\System32\PSAPI.DLL
0x00007fffbd040000 - 0x00007fffbd0e3000 	C:\windows\System32\ADVAPI32.dll
0x00007fffbbcf0000 - 0x00007fffbbd87000 	C:\windows\System32\sechost.dll
0x00007fffbbc20000 - 0x00007fffbbc72000 	C:\windows\System32\shlwapi.dll
0x000000006b380000 - 0x000000006b49a000 	C:\windows\system32\tmumh\20019\TmMon\2.5.0.2101\tmmon64.dll
0x00007fff97280000 - 0x00007fff9731b000 	C:\Users\LAU.POUSSIN\.p2\pool\plugins\org.eclipse.justj.openjdk.hotspot.jre.full.win32.x86_64_14.0.2.v20200815-0932\jre\bin\msvcp140.dll
0x00007fff76ce0000 - 0x00007fff777fe000 	C:\Users\LAU.POUSSIN\.p2\pool\plugins\org.eclipse.justj.openjdk.hotspot.jre.full.win32.x86_64_14.0.2.v20200815-0932\jre\bin\server\jvm.dll
0x00007fffaf850000 - 0x00007fffaf859000 	C:\windows\SYSTEM32\WSOCK32.dll
0x00007fffbc8a0000 - 0x00007fffbc90f000 	C:\windows\System32\WS2_32.dll
0x00007fffb83d0000 - 0x00007fffb83f4000 	C:\windows\SYSTEM32\WINMM.dll
0x00007fffb3da0000 - 0x00007fffb3daa000 	C:\windows\SYSTEM32\VERSION.dll
0x00007fffb83a0000 - 0x00007fffb83cd000 	C:\windows\SYSTEM32\WINMMBASE.dll
0x00007fffbb270000 - 0x00007fffbb2ba000 	C:\windows\System32\cfgmgr32.dll
0x00007fffba2d0000 - 0x00007fffba2e1000 	C:\windows\System32\kernel.appcore.dll
0x00007fffb6c90000 - 0x00007fffb6c9a000 	C:\Users\LAU.POUSSIN\.p2\pool\plugins\org.eclipse.justj.openjdk.hotspot.jre.full.win32.x86_64_14.0.2.v20200815-0932\jre\bin\jimage.dll
0x00007fffa7e50000 - 0x00007fffa8044000 	C:\windows\SYSTEM32\DBGHELP.DLL
0x00007fffa7750000 - 0x00007fffa777a000 	C:\windows\SYSTEM32\dbgcore.DLL
0x00007fff9b4e0000 - 0x00007fff9b518000 	C:\Users\LAU.POUSSIN\.p2\pool\plugins\org.eclipse.justj.openjdk.hotspot.jre.full.win32.x86_64_14.0.2.v20200815-0932\jre\bin\jdwp.dll
0x00007fffa7800000 - 0x00007fffa7825000 	C:\Users\LAU.POUSSIN\.p2\pool\plugins\org.eclipse.justj.openjdk.hotspot.jre.full.win32.x86_64_14.0.2.v20200815-0932\jre\bin\java.dll
0x00007fffacda0000 - 0x00007fffacdae000 	C:\Users\LAU.POUSSIN\.p2\pool\plugins\org.eclipse.justj.openjdk.hotspot.jre.full.win32.x86_64_14.0.2.v20200815-0932\jre\bin\instrument.dll
0x00007fffae630000 - 0x00007fffae646000 	C:\Users\LAU.POUSSIN\.p2\pool\plugins\org.eclipse.justj.openjdk.hotspot.jre.full.win32.x86_64_14.0.2.v20200815-0932\jre\bin\zip.dll
0x00007fffbc160000 - 0x00007fffbc840000 	C:\windows\System32\SHELL32.dll
0x00007fffbb4c0000 - 0x00007fffbb569000 	C:\windows\System32\shcore.dll
0x00007fffba630000 - 0x00007fffbadab000 	C:\windows\System32\windows.storage.dll
0x00007fffba260000 - 0x00007fffba27f000 	C:\windows\System32\profapi.dll
0x00007fffba280000 - 0x00007fffba2ca000 	C:\windows\System32\powrprof.dll
0x00007fffba250000 - 0x00007fffba260000 	C:\windows\System32\UMPDC.dll
0x00007fffba370000 - 0x00007fffba387000 	C:\windows\System32\cryptsp.dll
0x00007fffa8460000 - 0x00007fffa846b000 	C:\Users\LAU.POUSSIN\.p2\pool\plugins\org.eclipse.justj.openjdk.hotspot.jre.full.win32.x86_64_14.0.2.v20200815-0932\jre\bin\dt_socket.dll
0x00007fffb9820000 - 0x00007fffb985a000 	C:\windows\SYSTEM32\IPHLPAPI.DLL
0x00007fffb9ac0000 - 0x00007fffb9b27000 	C:\windows\system32\mswsock.dll
0x00007fffb9860000 - 0x00007fffb992a000 	C:\windows\SYSTEM32\DNSAPI.dll
0x00007fffbbf60000 - 0x00007fffbbf68000 	C:\windows\System32\NSI.dll
0x00007fffb0aa0000 - 0x00007fffb0aaa000 	C:\Windows\System32\rasadhlp.dll
0x00007fffb4120000 - 0x00007fffb4197000 	C:\windows\System32\fwpuclnt.dll
0x00007fffbb2c0000 - 0x00007fffbb2e6000 	C:\windows\System32\bcrypt.dll
0x00007fffacb30000 - 0x00007fffacb49000 	C:\Users\LAU.POUSSIN\.p2\pool\plugins\org.eclipse.justj.openjdk.hotspot.jre.full.win32.x86_64_14.0.2.v20200815-0932\jre\bin\net.dll
0x00007fffafed0000 - 0x00007fffaffbf000 	C:\windows\SYSTEM32\WINHTTP.dll
0x00007fffa6cc0000 - 0x00007fffa6cd2000 	C:\Users\LAU.POUSSIN\.p2\pool\plugins\org.eclipse.justj.openjdk.hotspot.jre.full.win32.x86_64_14.0.2.v20200815-0932\jre\bin\nio.dll
0x00007fffaecb0000 - 0x00007fffaecc0000 	C:\Users\LAU.POUSSIN\.p2\pool\plugins\org.eclipse.justj.openjdk.hotspot.jre.full.win32.x86_64_14.0.2.v20200815-0932\jre\bin\verify.dll

dbghelp: loaded successfully - version: 4.0.5 - missing functions: none
symbol engine: initialized successfully - sym options: 0x614 - pdb path: .;C:\Users\LAU.POUSSIN\.p2\pool\plugins\org.eclipse.justj.openjdk.hotspot.jre.full.win32.x86_64_14.0.2.v20200815-0932\jre\bin;C:\windows\SYSTEM32;C:\windows\WinSxS\amd64_microsoft.windows.common-controls_6595b64144ccf1df_6.0.18362.30_none_a1435978519dce7f;C:\windows\system32\tmumh\20019\AddOn\7.0.0.1181;C:\windows\system32\tmumh\20019\TmMon\2.5.0.2101;C:\Users\LAU.POUSSIN\.p2\pool\plugins\org.eclipse.justj.openjdk.hotspot.jre.full.win32.x86_64_14.0.2.v20200815-0932\jre\bin\server

VM Arguments:
jvm_args: -XX:+ShowCodeDetailsInExceptionMessages -agentlib:jdwp=transport=dt_socket,suspend=y,address=localhost:53370 -javaagent:C:\Users\LAU.POUSSIN\eclipse\java-2020-092\eclipse\configuration\org.eclipse.osgi\215\0\.cp\lib\javaagent-shaded.jar -Dfile.encoding=Cp1252 
java_command: Pendu
java_class_path (initial): C:\Users\LAU.POUSSIN\eclipse-workspace\Pendu\bin
Launcher Type: SUN_STANDARD

[Global flags]
     intx CICompilerCount                          = 3                                         {product} {ergonomic}
     uint ConcGCThreads                            = 1                                         {product} {ergonomic}
     uint G1ConcRefinementThreads                  = 4                                         {product} {ergonomic}
   size_t G1HeapRegionSize                         = 1048576                                   {product} {ergonomic}
    uintx GCDrainStackTargetSize                   = 64                                        {product} {ergonomic}
   size_t InitialHeapSize                          = 134217728                                 {product} {ergonomic}
   size_t MarkStackSize                            = 4194304                                   {product} {ergonomic}
   size_t MaxHeapSize                              = 2130706432                                {product} {ergonomic}
   size_t MaxNewSize                               = 1278214144                                {product} {ergonomic}
   size_t MinHeapDeltaBytes                        = 1048576                                   {product} {ergonomic}
   size_t MinHeapSize                              = 8388608                                   {product} {ergonomic}
    uintx NonNMethodCodeHeapSize                   = 5832780                                {pd product} {ergonomic}
    uintx NonProfiledCodeHeapSize                  = 122912730                              {pd product} {ergonomic}
    uintx ProfiledCodeHeapSize                     = 122912730                              {pd product} {ergonomic}
    uintx ReservedCodeCacheSize                    = 251658240                              {pd product} {ergonomic}
     bool SegmentedCodeCache                       = true                                      {product} {ergonomic}
     bool ShowCodeDetailsInExceptionMessages       = true                                   {manageable} {command line}
   size_t SoftMaxHeapSize                          = 2130706432                             {manageable} {ergonomic}
     bool UseCompressedClassPointers               = true                                 {lp64_product} {ergonomic}
     bool UseCompressedOops                        = true                                 {lp64_product} {ergonomic}
     bool UseG1GC                                  = true                                      {product} {ergonomic}
     bool UseLargePagesIndividualAllocation        = false                                  {pd product} {ergonomic}

Logging:
Log output configuration:
 #0: stdout all=warning uptime,level,tags
 #1: stderr all=off uptime,level,tags

Environment Variables:
PATH=C:\Users\LAU.POUSSIN\.p2\pool\plugins\org.eclipse.justj.openjdk.hotspot.jre.full.win32.x86_64_14.0.2.v20200815-0932\jre\bin;C:/Users/LAU.POUSSIN/.p2/pool/plugins/org.eclipse.justj.openjdk.hotspot.jre.full.win32.x86_64_14.0.2.v20200815-0932/jre/bin/server;C:/Users/LAU.POUSSIN/.p2/pool/plugins/org.eclipse.justj.openjdk.hotspot.jre.full.win32.x86_64_14.0.2.v20200815-0932/jre/bin;C:\Program Files (x86)\Common Files\Oracle\Java\javapath;C:\Program Files (x86)\Intel\Intel(R) Management Engine Components\iCLS\;C:\Program Files\Intel\Intel(R) Management Engine Components\iCLS\;C:\Windows\system32;C:\Windows;C:\Windows\System32\Wbem;C:\Windows\System32\WindowsPowerShell\v1.0\;C:\Windows\System32\OpenSSH\;C:\Program Files (x86)\NVIDIA Corporation\PhysX\Common;C:\Program Files (x86)\Intel\Intel(R) Management Engine Components\DAL;C:\Program Files\Intel\Intel(R) Management Engine Components\DAL;C:\Program Files (x86)\Intel\Intel(R) Management Engine Components\IPT;C:\Program Files\Intel\Intel(R) Management Engine Components\IPT;C:\Users\LAU.POUSSIN\AppData\Local\Microsoft\WindowsApps;;C:\Users\LAU.POUSSIN\AppData\Local\Programs\Microsoft VS Code\bin;C:\Users\LAU.POUSSIN\Desktop;
USERNAME=LAU.POUSSIN
OS=Windows_NT
PROCESSOR_IDENTIFIER=Intel64 Family 6 Model 60 Stepping 3, GenuineIntel



---------------  S Y S T E M  ---------------

OS: Windows 10 , 64 bit Build 18362 (10.0.18362.1)
OS uptime: 0 days 8:20 hours

CPU:total 4 (initial active 4) (4 cores per cpu, 1 threads per core) family 6 model 60 stepping 3, cmov, cx8, fxsr, mmx, sse, sse2, sse3, ssse3, sse4.1, sse4.2, popcnt, avx, avx2, aes, clmul, erms, lzcnt, tsc, tscinvbit, bmi1, bmi2, fma

Memory: 4k page, system-wide physical 8124M (3985M free)
TotalPageFile size 11068M (AvailPageFile size 3810M)
current process WorkingSet (physical memory assigned to process): 36M, peak: 49M
current process commit charge ("private bytes"): 204M, peak: 206M

vm_info: OpenJDK 64-Bit Server VM (14.0.2+12-46) for windows-amd64 JRE (14.0.2+12-46), built on Jul  9 2020 00:31:16 by "mach5one" with MS VC++ 15.9 (VS2017)

END.
